<?xml version="1.0" encoding="UTF-8"?>
<!-- Generated by org.testng.reporters.JUnitXMLReporter -->
<testsuite ignored="0" hostname="AMIT" failures="1" tests="5" name="FirefoxTest" time="30.377" errors="0" timestamp="2023-04-18T02:02:37 IST">
  <testcase classname="TestAmazon.TestHomepageElements" name="@AfterMethod signout" time="0.395">
    <failure type="org.openqa.selenium.WebDriverException" message="Failed to decode response from marionette
Build info: version: &amp;apos;3.141.59&amp;apos;, revision: &amp;apos;e82be7d358&amp;apos;, time: &amp;apos;2018-11-14T08:17:03&amp;apos;
System info: host: &amp;apos;AMIT&amp;apos;, ip: &amp;apos;192.168.43.3&amp;apos;, os.name: &amp;apos;Windows 11&amp;apos;, os.arch: &amp;apos;amd64&amp;apos;, os.version: &amp;apos;10.0&amp;apos;, java.version: &amp;apos;18&amp;apos;
Driver info: org.openqa.selenium.firefox.FirefoxDriver
Capabilities {acceptInsecureCerts: true, browserName: firefox, browserVersion: 108.0.1, javascriptEnabled: true, moz:accessibilityChecks: false, moz:buildID: 20221215175817, moz:geckodriverVersion: 0.31.0, moz:headless: false, moz:platformVersion: 10.0, moz:processID: 50304, moz:profile: C:\Users\lahan\AppData\Loca..., moz:shutdownTimeout: 60000, moz:useNonSpecCompliantPointerOrigin: false, moz:webdriverClick: true, moz:windowless: false, pageLoadStrategy: normal, platform: WINDOWS, platformName: WINDOWS, proxy: Proxy(), setWindowRect: true, strictFileInteractability: false, timeouts: {implicit: 0, pageLoad: 300000, script: 30000}, unhandledPromptBehavior: dismiss and notify}
Session ID: a6b39f82-e59c-49e1-9983-bc2f1ca6f70f">
      <![CDATA[org.openqa.selenium.WebDriverException: Failed to decode response from marionette
Build info: version: '3.141.59', revision: 'e82be7d358', time: '2018-11-14T08:17:03'
System info: host: 'AMIT', ip: '192.168.43.3', os.name: 'Windows 11', os.arch: 'amd64', os.version: '10.0', java.version: '18'
Driver info: org.openqa.selenium.firefox.FirefoxDriver
Capabilities {acceptInsecureCerts: true, browserName: firefox, browserVersion: 108.0.1, javascriptEnabled: true, moz:accessibilityChecks: false, moz:buildID: 20221215175817, moz:geckodriverVersion: 0.31.0, moz:headless: false, moz:platformVersion: 10.0, moz:processID: 50304, moz:profile: C:\Users\lahan\AppData\Loca..., moz:shutdownTimeout: 60000, moz:useNonSpecCompliantPointerOrigin: false, moz:webdriverClick: true, moz:windowless: false, pageLoadStrategy: normal, platform: WINDOWS, platformName: WINDOWS, proxy: Proxy(), setWindowRect: true, strictFileInteractability: false, timeouts: {implicit: 0, pageLoad: 300000, script: 30000}, unhandledPromptBehavior: dismiss and notify}
Session ID: a6b39f82-e59c-49e1-9983-bc2f1ca6f70f
at org.openqa.selenium.remote.http.W3CHttpResponseCodec.createException(W3CHttpResponseCodec.java:187)
at org.openqa.selenium.remote.http.W3CHttpResponseCodec.decode(W3CHttpResponseCodec.java:122)
at org.openqa.selenium.remote.http.W3CHttpResponseCodec.decode(W3CHttpResponseCodec.java:49)
at org.openqa.selenium.remote.HttpCommandExecutor.execute(HttpCommandExecutor.java:158)
at org.openqa.selenium.remote.service.DriverCommandExecutor.execute(DriverCommandExecutor.java:83)
at org.openqa.selenium.remote.RemoteWebDriver.execute(RemoteWebDriver.java:552)
at org.openqa.selenium.remote.RemoteWebDriver.execute(RemoteWebDriver.java:609)
at org.openqa.selenium.remote.RemoteWebDriver.getScreenshotAs(RemoteWebDriver.java:295)
at Utils.Utility.captureScreenshot(Utility.java:26)
at TestAmazon.TestHomepageElements.signout(TestHomepageElements.java:128)
at java.base/java.util.ArrayList.forEach(ArrayList.java:1511)
at java.base/java.util.concurrent.FutureTask.run(FutureTask.java:264)
at java.base/java.util.concurrent.ThreadPoolExecutor.runWorker(ThreadPoolExecutor.java:1136)
at java.base/java.util.concurrent.ThreadPoolExecutor$Worker.run(ThreadPoolExecutor.java:635)
at java.base/java.lang.Thread.run(Thread.java:833)
... Removed 24 stack frames]]>
    </failure>
  </testcase> <!-- @AfterMethod signout -->
  <testcase classname="TestAmazon.TestHomepageElements" name="@BeforeMethod signin" time="-1.681763557523E9">
    <skipped/>
  </testcase> <!-- @BeforeMethod signin -->
  <testcase classname="TestAmazon.TestHomepageElements" name="@AfterMethod signout" time="-1.681763557539E9">
    <skipped/>
  </testcase> <!-- @AfterMethod signout -->
  <testcase classname="TestAmazon.TestHomepageElements" name="@BeforeMethod signin" time="-1.681763557541E9">
    <skipped/>
  </testcase> <!-- @BeforeMethod signin -->
  <testcase classname="TestAmazon.TestHomepageElements" name="@AfterMethod signout" time="-1.68176355755E9">
    <skipped/>
  </testcase> <!-- @AfterMethod signout -->
  <testcase classname="TestAmazon.TestHomepageElements" name="@BeforeMethod signin" time="-1.681763557556E9">
    <skipped/>
  </testcase> <!-- @BeforeMethod signin -->
  <testcase classname="TestAmazon.TestHomepageElements" name="@AfterMethod signout" time="-1.681763557564E9">
    <skipped/>
  </testcase> <!-- @AfterMethod signout -->
  <testcase classname="TestAmazon.TestHomepageElements" name="@BeforeMethod signin" time="-1.68176355757E9">
    <skipped/>
  </testcase> <!-- @BeforeMethod signin -->
  <testcase classname="TestAmazon.TestHomepageElements" name="@AfterMethod signout" time="-1.681763557596E9">
    <skipped/>
  </testcase> <!-- @AfterMethod signout -->
  <testcase classname="TestAmazon.TestHomepageElements" name="@AfterClass clearobject" time="-1.681763557604E9">
    <skipped/>
  </testcase> <!-- @AfterClass clearobject -->
  <testcase classname="TestAmazon.TestHomepageElements" name="@AfterTest closebrowser" time="-1.681763557606E9">
    <skipped/>
  </testcase> <!-- @AfterTest closebrowser -->
  <testcase classname="TestAmazon.TestHomepageElements" name="testgiftcards" time="7.413">
    <failure type="org.openqa.selenium.WebDriverException" message="TypeError: browsingContext.currentWindowGlobal is null
Build info: version: &amp;apos;3.141.59&amp;apos;, revision: &amp;apos;e82be7d358&amp;apos;, time: &amp;apos;2018-11-14T08:17:03&amp;apos;
System info: host: &amp;apos;AMIT&amp;apos;, ip: &amp;apos;192.168.43.3&amp;apos;, os.name: &amp;apos;Windows 11&amp;apos;, os.arch: &amp;apos;amd64&amp;apos;, os.version: &amp;apos;10.0&amp;apos;, java.version: &amp;apos;18&amp;apos;
Driver info: org.openqa.selenium.firefox.FirefoxDriver
Capabilities {acceptInsecureCerts: true, browserName: firefox, browserVersion: 108.0.1, javascriptEnabled: true, moz:accessibilityChecks: false, moz:buildID: 20221215175817, moz:geckodriverVersion: 0.31.0, moz:headless: false, moz:platformVersion: 10.0, moz:processID: 50304, moz:profile: C:\Users\lahan\AppData\Loca..., moz:shutdownTimeout: 60000, moz:useNonSpecCompliantPointerOrigin: false, moz:webdriverClick: true, moz:windowless: false, pageLoadStrategy: normal, platform: WINDOWS, platformName: WINDOWS, proxy: Proxy(), setWindowRect: true, strictFileInteractability: false, timeouts: {implicit: 0, pageLoad: 300000, script: 30000}, unhandledPromptBehavior: dismiss and notify}
Session ID: a6b39f82-e59c-49e1-9983-bc2f1ca6f70f
*** Element info: {Using=xpath, value=//a[text()=&amp;apos;Gift Cards&amp;apos;]}">
      <![CDATA[org.openqa.selenium.WebDriverException: TypeError: browsingContext.currentWindowGlobal is null
Build info: version: '3.141.59', revision: 'e82be7d358', time: '2018-11-14T08:17:03'
System info: host: 'AMIT', ip: '192.168.43.3', os.name: 'Windows 11', os.arch: 'amd64', os.version: '10.0', java.version: '18'
Driver info: org.openqa.selenium.firefox.FirefoxDriver
Capabilities {acceptInsecureCerts: true, browserName: firefox, browserVersion: 108.0.1, javascriptEnabled: true, moz:accessibilityChecks: false, moz:buildID: 20221215175817, moz:geckodriverVersion: 0.31.0, moz:headless: false, moz:platformVersion: 10.0, moz:processID: 50304, moz:profile: C:\Users\lahan\AppData\Loca..., moz:shutdownTimeout: 60000, moz:useNonSpecCompliantPointerOrigin: false, moz:webdriverClick: true, moz:windowless: false, pageLoadStrategy: normal, platform: WINDOWS, platformName: WINDOWS, proxy: Proxy(), setWindowRect: true, strictFileInteractability: false, timeouts: {implicit: 0, pageLoad: 300000, script: 30000}, unhandledPromptBehavior: dismiss and notify}
Session ID: a6b39f82-e59c-49e1-9983-bc2f1ca6f70f
*** Element info: {Using=xpath, value=//a[text()='Gift Cards']}
at org.openqa.selenium.remote.http.W3CHttpResponseCodec.createException(W3CHttpResponseCodec.java:187)
at org.openqa.selenium.remote.http.W3CHttpResponseCodec.decode(W3CHttpResponseCodec.java:122)
at org.openqa.selenium.remote.http.W3CHttpResponseCodec.decode(W3CHttpResponseCodec.java:49)
at org.openqa.selenium.remote.HttpCommandExecutor.execute(HttpCommandExecutor.java:158)
at org.openqa.selenium.remote.service.DriverCommandExecutor.execute(DriverCommandExecutor.java:83)
at org.openqa.selenium.remote.RemoteWebDriver.execute(RemoteWebDriver.java:552)
at org.openqa.selenium.remote.RemoteWebDriver.findElement(RemoteWebDriver.java:323)
at org.openqa.selenium.remote.RemoteWebDriver.findElementByXPath(RemoteWebDriver.java:428)
at org.openqa.selenium.By$ByXPath.findElement(By.java:353)
at org.openqa.selenium.remote.RemoteWebDriver.findElement(RemoteWebDriver.java:315)
at org.openqa.selenium.support.pagefactory.DefaultElementLocator.findElement(DefaultElementLocator.java:69)
at org.openqa.selenium.support.pagefactory.internal.LocatingElementHandler.invoke(LocatingElementHandler.java:38)
at jdk.proxy2/jdk.proxy2.$Proxy17.click(Unknown Source)
at POMamazon.Homepage.clickgiftcards(Homepage.java:46)
at TestAmazon.TestHomepageElements.testgiftcards(TestHomepageElements.java:76)
at java.base/java.util.ArrayList.forEach(ArrayList.java:1511)
at java.base/java.util.concurrent.FutureTask.run(FutureTask.java:264)
at java.base/java.util.concurrent.ThreadPoolExecutor.runWorker(ThreadPoolExecutor.java:1136)
at java.base/java.util.concurrent.ThreadPoolExecutor$Worker.run(ThreadPoolExecutor.java:635)
at java.base/java.lang.Thread.run(Thread.java:833)
... Removed 19 stack frames]]>
    </failure>
  </testcase> <!-- testgiftcards -->
  <testcase classname="TestAmazon.TestHomepageElements" name="testbaby" time="0.0">
    <skipped/>
  </testcase> <!-- testbaby -->
  <testcase classname="TestAmazon.TestHomepageElements" name="testbrowsinghistory" time="0.0">
    <skipped/>
  </testcase> <!-- testbrowsinghistory -->
  <testcase classname="TestAmazon.TestHomepageElements" name="testbuyagain" time="0.0">
    <skipped/>
  </testcase> <!-- testbuyagain -->
  <testcase classname="TestAmazon.TestHomepageElements" name="testpetsupplies" time="0.0">
    <skipped/>
  </testcase> <!-- testpetsupplies -->
</testsuite> <!-- FirefoxTest -->
