<?xml version="1.0" encoding="UTF-8"?>
<!-- Generated by org.testng.reporters.JUnitXMLReporter -->
<testsuite ignored="0" hostname="AMIT" failures="0" tests="5" name="Default test" time="0.097" errors="0" timestamp="2022-10-12T03:06:33 IST">
  <testcase classname="TestAmazon.TestHomepageElements" name="@BeforeTest openbrowser" time="-1.665524193354E9">
    <failure type="org.testng.TestNGException" message="
Parameter &amp;apos;browser&amp;apos; is required by BeforeTest on method openbrowser but has not been marked @Optional or defined
in C:\Users\lahan\AppData\Local\Temp\testng-eclipse--1508524734\testng-customsuite.xml">
      <![CDATA[org.testng.TestNGException: 
Parameter 'browser' is required by BeforeTest on method openbrowser but has not been marked @Optional or defined
in C:\Users\lahan\AppData\Local\Temp\testng-eclipse--1508524734\testng-customsuite.xml
at org.testng.internal.Parameters.createParams(Parameters.java:270)
at org.testng.internal.Parameters.createParametersForMethod(Parameters.java:358)
at org.testng.internal.Parameters.createParameters(Parameters.java:700)
at org.testng.internal.Parameters.createConfigurationParameters(Parameters.java:168)
at org.testng.internal.ConfigInvoker.invokeConfigurations(ConfigInvoker.java:302)
at org.testng.TestRunner.invokeTestConfigurations(TestRunner.java:637)
at org.testng.TestRunner.beforeRun(TestRunner.java:627)
at org.testng.TestRunner.run(TestRunner.java:589)
at org.testng.SuiteRunner.runTest(SuiteRunner.java:377)
at org.testng.SuiteRunner.runSequentially(SuiteRunner.java:371)
at org.testng.SuiteRunner.privateRun(SuiteRunner.java:332)
at org.testng.SuiteRunner.run(SuiteRunner.java:276)
at org.testng.SuiteRunnerWorker.runSuite(SuiteRunnerWorker.java:53)
at org.testng.SuiteRunnerWorker.run(SuiteRunnerWorker.java:96)
at org.testng.TestNG.runSuitesSequentially(TestNG.java:1212)
at org.testng.TestNG.runSuitesLocally(TestNG.java:1134)
at org.testng.TestNG.runSuites(TestNG.java:1063)
at org.testng.TestNG.run(TestNG.java:1031)
at org.testng.remote.AbstractRemoteTestNG.run(AbstractRemoteTestNG.java:115)
at org.testng.remote.RemoteTestNG.initAndRun(RemoteTestNG.java:251)
at org.testng.remote.RemoteTestNG.main(RemoteTestNG.java:77)
]]>
    </failure>
  </testcase> <!-- @BeforeTest openbrowser -->
  <testcase classname="TestAmazon.TestHomepageElements" name="@BeforeClass createobject" time="-1.665524193385E9">
    <skipped/>
  </testcase> <!-- @BeforeClass createobject -->
  <testcase classname="TestAmazon.TestHomepageElements" name="@BeforeMethod signin" time="-1.665524193397E9">
    <skipped/>
  </testcase> <!-- @BeforeMethod signin -->
  <testcase classname="TestAmazon.TestHomepageElements" name="@AfterMethod signout" time="-1.665524193404E9">
    <skipped/>
  </testcase> <!-- @AfterMethod signout -->
  <testcase classname="TestAmazon.TestHomepageElements" name="@BeforeMethod signin" time="-1.665524193408E9">
    <skipped/>
  </testcase> <!-- @BeforeMethod signin -->
  <testcase classname="TestAmazon.TestHomepageElements" name="@AfterMethod signout" time="-1.665524193413E9">
    <skipped/>
  </testcase> <!-- @AfterMethod signout -->
  <testcase classname="TestAmazon.TestHomepageElements" name="@BeforeMethod signin" time="-1.665524193415E9">
    <skipped/>
  </testcase> <!-- @BeforeMethod signin -->
  <testcase classname="TestAmazon.TestHomepageElements" name="@AfterMethod signout" time="-1.66552419342E9">
    <skipped/>
  </testcase> <!-- @AfterMethod signout -->
  <testcase classname="TestAmazon.TestHomepageElements" name="@BeforeMethod signin" time="-1.665524193422E9">
    <skipped/>
  </testcase> <!-- @BeforeMethod signin -->
  <testcase classname="TestAmazon.TestHomepageElements" name="@AfterMethod signout" time="-1.665524193426E9">
    <skipped/>
  </testcase> <!-- @AfterMethod signout -->
  <testcase classname="TestAmazon.TestHomepageElements" name="@BeforeMethod signin" time="-1.665524193427E9">
    <skipped/>
  </testcase> <!-- @BeforeMethod signin -->
  <testcase classname="TestAmazon.TestHomepageElements" name="@AfterMethod signout" time="-1.665524193437E9">
    <skipped/>
  </testcase> <!-- @AfterMethod signout -->
  <testcase classname="TestAmazon.TestHomepageElements" name="@AfterClass clearobject" time="-1.66552419344E9">
    <skipped/>
  </testcase> <!-- @AfterClass clearobject -->
  <testcase classname="TestAmazon.TestHomepageElements" name="@AfterTest closebrowser" time="-1.665524193443E9">
    <skipped/>
  </testcase> <!-- @AfterTest closebrowser -->
  <testcase classname="TestAmazon.TestHomepageElements" name="testgiftcards" time="0.0">
    <skipped/>
  </testcase> <!-- testgiftcards -->
  <testcase classname="TestAmazon.TestHomepageElements" name="testbaby" time="0.0">
    <skipped/>
  </testcase> <!-- testbaby -->
  <testcase classname="TestAmazon.TestHomepageElements" name="testbrowsinghistory" time="0.0">
    <skipped/>
  </testcase> <!-- testbrowsinghistory -->
  <testcase classname="TestAmazon.TestHomepageElements" name="testbuyagain" time="0.0">
    <skipped/>
  </testcase> <!-- testbuyagain -->
  <testcase classname="TestAmazon.TestHomepageElements" name="testpetsupplies" time="0.0">
    <skipped/>
  </testcase> <!-- testpetsupplies -->
</testsuite> <!-- Default test -->
